\BOOKMARK [0][-]{chapter.1}{La mesure de l'int\351r\352t}{}% 1
\BOOKMARK [1][-]{section.1.1}{Introduction}{chapter.1}% 2
\BOOKMARK [1][-]{section.1.2}{Taux d'int\351r\352t simple}{chapter.1}% 3
\BOOKMARK [1][-]{section.1.3}{Taux d'int\351r\352t compos\351}{chapter.1}% 4
\BOOKMARK [1][-]{section.1.4}{Actualisation}{chapter.1}% 5
\BOOKMARK [1][-]{section.1.5}{Taux d'escompte}{chapter.1}% 6
\BOOKMARK [1][-]{section.1.6}{Taux d'int\351r\352t nominal}{chapter.1}% 7
\BOOKMARK [1][-]{section.1.7}{Taux d'escompte nominal}{chapter.1}% 8
\BOOKMARK [1][-]{section.1.8}{Force d'int\351r\352t \(\)}{chapter.1}% 9
\BOOKMARK [2][-]{subsection.1.8.1}{Force d'int\351r\352t non constante \(t\)}{section.1.8}% 10
\BOOKMARK [2][-]{subsection.1.8.2}{Force d'int\351r\352t constante \(\)}{section.1.8}% 11
\BOOKMARK [2][-]{subsection.1.8.3}{S\351rie exponentielle \(power series\)}{section.1.8}% 12
\BOOKMARK [2][-]{subsection.1.8.4}{Force d'int\351r\352t entre t1 et t2}{section.1.8}% 13
\BOOKMARK [2][-]{subsection.1.8.5}{Note technique sur le taux d'int\351r\352t simple}{section.1.8}% 14
\BOOKMARK [0][-]{chapter.2}{\311quation de valeur, valeur temporelle de l'argent et ligne du temps}{}% 15
\BOOKMARK [1][-]{subsection.2.0.1}{\311quation de valeur et valeur temporelle de l'argent}{chapter.2}% 16
\BOOKMARK [2][-]{subsection.2.0.2}{Ligne du temps}{subsection.2.0.1}% 17
\BOOKMARK [2][-]{subsection.2.0.3}{\311quation de valeur avec une p\351riode inconnue}{subsection.2.0.1}% 18
\BOOKMARK [2][-]{subsection.2.0.4}{\311quation de valeur avec un taux d'int\351r\352t inconnu}{subsection.2.0.1}% 19
\BOOKMARK [0][-]{chapter.3}{Annuit\351}{}% 20
\BOOKMARK [1][-]{section.3.1}{Notion pr\351liminaire}{chapter.3}% 21
\BOOKMARK [2][-]{subsection.3.1.1}{Truc mn\351motechnique pour les annuit\351es}{section.3.1}% 22
\BOOKMARK [1][-]{section.3.2}{Annuit\351 imm\351diate et annuit\351 due}{chapter.3}% 23
\BOOKMARK [2][-]{subsection.3.2.1}{Annuit\351 imm\351diate actualis\351e}{section.3.2}% 24
\BOOKMARK [2][-]{subsection.3.2.2}{Annuit\351 imm\351diate accumul\351e}{section.3.2}% 25
\BOOKMARK [2][-]{subsection.3.2.3}{Annuit\351 due actualis\351e}{section.3.2}% 26
\BOOKMARK [2][-]{subsection.3.2.4}{Annuit\351 due accumul\351e}{section.3.2}% 27
\BOOKMARK [1][-]{section.3.3}{Erreur \340 \351viter avec s et }{chapter.3}% 28
\BOOKMARK [1][-]{section.3.4}{Rente diff\351r\351}{chapter.3}% 29
\BOOKMARK [1][-]{section.3.5}{Astuce sur les annuit\351s}{chapter.3}% 30
\BOOKMARK [1][-]{section.3.6}{Perp\351tuit\351}{chapter.3}% 31
\BOOKMARK [1][-]{section.3.7}{Astuce pour annuit\351 de kn terme sur n terme }{chapter.3}% 32
\BOOKMARK [1][-]{section.3.8}{P\351riode inconnue}{chapter.3}% 33
\BOOKMARK [1][-]{section.3.9}{Taux inconnu}{chapter.3}% 34
\BOOKMARK [1][-]{section.3.10}{Taux int\351r\352t variable}{chapter.3}% 35
\BOOKMARK [0][-]{chapter.4}{Annuit\351s 2.0}{}% 36
\BOOKMARK [1][-]{section.4.1}{Annuit\351 avec off-payments}{chapter.4}% 37
\BOOKMARK [1][-]{section.4.2}{Annuit\351 avec off-payments 2.0}{chapter.4}% 38
\BOOKMARK [2][-]{subsection.4.2.1}{Paiement moins fr\351quent que la p\351riode d'int\351r\352t \(Fission method}{section.4.2}% 39
\BOOKMARK [2][-]{subsection.4.2.2}{Paiement plus fr\351quent que la p\351riode d'int\351r\352t \(Fussion method}{section.4.2}% 40
\BOOKMARK [1][-]{section.4.3}{Annuit\351 avec paiement continu}{chapter.4}% 41
\BOOKMARK [1][-]{section.4.4}{Astuce avec double annuit\351 due}{chapter.4}% 42
\BOOKMARK [1][-]{section.4.5}{Accumulation et taux variable}{chapter.4}% 43
\BOOKMARK [1][-]{section.4.6}{Annuit\351 avec paiement variable}{chapter.4}% 44
\BOOKMARK [2][-]{subsection.4.6.1}{Annuit\351 \340 progression arithm\351tique \(Increasing annuity\)}{section.4.6}% 45
\BOOKMARK [2][-]{subsection.4.6.2}{Annuit\351 \340 d\351croissance arithm\351tique \(Decreasing annuity\)}{section.4.6}% 46
\BOOKMARK [2][-]{subsection.4.6.3}{Annuit\351 \340 perp\351tuit\351 croissante}{section.4.6}% 47
\BOOKMARK [2][-]{subsection.4.6.4}{Annuit\351 croissante suivie par une perp\351tuit\351 constante}{section.4.6}% 48
\BOOKMARK [1][-]{section.4.7}{Notation supl\351mentaire sur annuit\351}{chapter.4}% 49
\BOOKMARK [1][-]{section.4.8}{Annuit\351 \340 progression g\351om\351trique}{chapter.4}% 50
\BOOKMARK [1][-]{section.4.9}{Annuit\351 \340 taux variable continu}{chapter.4}% 51
\BOOKMARK [1][-]{section.4.10}{Annuit\351 Palindromic}{chapter.4}% 52
\BOOKMARK [1][-]{section.4.11}{L'astuce 0\045 pour les r\351ponses sous forme symbolique}{chapter.4}% 53
\BOOKMARK [0][-]{chapter.5}{Taux de rendement \(Yield rates\)}{}% 54
\BOOKMARK [1][-]{subsection.5.0.1}{Flux de tr\351sorie actualis\351}{chapter.5}% 55
\BOOKMARK [1][-]{section.5.1}{Taux de r\351investissement}{chapter.5}% 56
\BOOKMARK [1][-]{section.5.2}{La mesure d'int\351r\352t d'un fonds}{chapter.5}% 57
\BOOKMARK [1][-]{section.5.3}{Taux d'int\351r\352t \340 dollar pond\351r\351 et temps pond\351r\351}{chapter.5}% 58
\BOOKMARK [2][-]{subsection.5.3.1}{Dollar pond\351r\351}{section.5.3}% 59
\BOOKMARK [2][-]{subsection.5.3.2}{Temps pond\351r\351}{section.5.3}% 60
\BOOKMARK [1][-]{section.5.4}{M\351thodes du portefeuille et de l'ann\351e d'investissement}{chapter.5}% 61
\BOOKMARK [0][-]{chapter.6}{Tableaux d'amortissement et fonds d'amortissement}{}% 62
\BOOKMARK [1][-]{section.6.1}{Amortissement d'un pr\352t}{chapter.6}% 63
\BOOKMARK [2][-]{subsection.6.1.1}{M\351thode g\351n\351rale d'amortissement}{section.6.1}% 64
\BOOKMARK [2][-]{subsection.6.1.2}{Forme r\351trospective de la balance du pr\352t au temps t}{section.6.1}% 65
\BOOKMARK [2][-]{subsection.6.1.3}{Forme prospective de la balance du pr\352t au temps t}{section.6.1}% 66
\BOOKMARK [2][-]{subsection.6.1.4}{Amortissement d'un pr\352t avec paiement \351gaux}{section.6.1}% 67
\BOOKMARK [1][-]{section.6.2}{Fonds d'amortissement}{chapter.6}% 68
\BOOKMARK [1][-]{section.6.3}{Balance du pr\352t, int\351r\352ts pay\351s et principal pay\351 avec un fonds d'amortissement}{chapter.6}% 69
\BOOKMARK [1][-]{section.6.4}{S\351rie de paiement variable}{chapter.6}% 70
\BOOKMARK [2][-]{subsection.6.4.1}{Paiement \351gaux de principal}{section.6.4}% 71
\BOOKMARK [0][-]{chapter.7}{Les obligations}{}% 72
\BOOKMARK [1][-]{subsection.7.0.1}{Formule des obligations}{chapter.7}% 73
\BOOKMARK [1][-]{section.7.1}{Premium et discount}{chapter.7}% 74
\BOOKMARK [1][-]{section.7.2}{Prix d'obligation entre deux coupons}{chapter.7}% 75
\BOOKMARK [2][-]{subsection.7.2.1}{Prix r\351el d'achat}{section.7.2}% 76
\BOOKMARK [2][-]{subsection.7.2.2}{Prix affich\351 dans la presse financi\350re}{section.7.2}% 77
\BOOKMARK [2][-]{subsection.7.2.3}{Repr\351sentation graphique du prix des obligations}{section.7.2}% 78
\BOOKMARK [2][-]{subsection.7.2.4}{Nombre de jours}{section.7.2}% 79
\BOOKMARK [1][-]{section.7.3}{Obligation rachetable}{chapter.7}% 80
\BOOKMARK [0][-]{chapter.8}{Instruments financiers}{}% 81
\BOOKMARK [1][-]{section.8.1}{Obligations, actions et actions privil\351gier}{chapter.8}% 82
\BOOKMARK [1][-]{section.8.2}{Prix des instruments}{chapter.8}% 83
\BOOKMARK [0][-]{chapter.9}{Analyse financi\350re avanc\351e}{}% 84
\BOOKMARK [1][-]{section.9.1}{Inflation}{chapter.9}% 85
\BOOKMARK [1][-]{section.9.2}{Taux forward, taux au comptant et taux de rendement}{chapter.9}% 86
\BOOKMARK [1][-]{section.9.3}{Taux au comptant Spot rate}{chapter.9}% 87
\BOOKMARK [1][-]{section.9.4}{Taux forward}{chapter.9}% 88
\BOOKMARK [1][-]{section.9.5}{Duration}{chapter.9}% 89
\BOOKMARK [1][-]{section.9.6}{Duration de Macaulay}{chapter.9}% 90
\BOOKMARK [2][-]{subsection.9.6.1}{Autre relation importante}{section.9.6}% 91
\BOOKMARK [1][-]{section.9.7}{Duration modifi\351e}{chapter.9}% 92
\BOOKMARK [1][-]{section.9.8}{Duration d'un portefeuille}{chapter.9}% 93
\BOOKMARK [1][-]{section.9.9}{Convexit\351}{chapter.9}% 94
\BOOKMARK [1][-]{section.9.10}{Immunisation de Redington}{chapter.9}% 95
\BOOKMARK [1][-]{section.9.11}{Immunisation compl\350te}{chapter.9}% 96
\BOOKMARK [1][-]{section.9.12}{Appariement}{chapter.9}% 97
\BOOKMARK [1][-]{section.9.13}{Duration et convexit\351 \351ffective}{chapter.9}% 98
\BOOKMARK [0][-]{chapter.10}{Produit d\351riv\351}{}% 99
\BOOKMARK [1][-]{section.10.1}{Developpement et utilisation des produits d\351riv\351s}{chapter.10}% 100
\BOOKMARK [1][-]{section.10.2}{Vente et achat de produits financier}{chapter.10}% 101
\BOOKMARK [1][-]{section.10.3}{Short-Selling Assets}{chapter.10}% 102
\BOOKMARK [0][-]{chapter.11}{Contrat \340 terme}{}% 103
\BOOKMARK [1][-]{section.11.1}{The payoff}{chapter.11}% 104
\BOOKMARK [0][-]{chapter.12}{Option d'achat \(Call option\)}{}% 105
\BOOKMARK [1][-]{section.12.1}{Truc mn\351motechnique pour les options d'achats}{chapter.12}% 106
\BOOKMARK [0][-]{chapter.13}{Option de vente \(Put option\)}{}% 107
\BOOKMARK [1][-]{section.13.1}{Clarification de la terminologie}{chapter.13}% 108
\BOOKMARK [1][-]{section.13.2}{Truc mn\351motechnique pour les options de ventes}{chapter.13}% 109
\BOOKMARK [1][-]{section.13.3}{Option de vente : une assurance}{chapter.13}% 110
\BOOKMARK [0][-]{chapter.14}{Comparaison de contrats}{}% 111
\BOOKMARK [1][-]{section.14.1}{In-the-Money et Out-of-the-Money}{chapter.14}% 112
\BOOKMARK [1][-]{section.14.2}{Comparaison des positions \(Long et short\)}{chapter.14}% 113
\BOOKMARK [1][-]{section.14.3}{Comparaison des profits maximum et pertes maximales}{chapter.14}% 114
\BOOKMARK [1][-]{section.14.4}{Comparaison par Asset Price Contingency}{chapter.14}% 115
\BOOKMARK [1][-]{section.14.5}{Comparaison par strat\351gie}{chapter.14}% 116
\BOOKMARK [0][-]{chapter.15}{Assur\351 votre position}{}% 117
\BOOKMARK [1][-]{section.15.1}{Assur\351 une long position dans un titre}{chapter.15}% 118
\BOOKMARK [1][-]{section.15.2}{Assur\351 une short position dans un titre}{chapter.15}% 119
\BOOKMARK [1][-]{section.15.3}{Position des writers}{chapter.15}% 120
\BOOKMARK [1][-]{section.15.4}{R\351sum\351 des concepts}{chapter.15}% 121
\BOOKMARK [0][-]{chapter.16}{Parit\351 put-call, combinaison d'options}{}% 122
\BOOKMARK [1][-]{section.16.1}{Synthetic forward contract}{chapter.16}% 123
\BOOKMARK [1][-]{section.16.2}{Parit\351 put-call}{chapter.16}% 124
\BOOKMARK [1][-]{section.16.3}{Combinaison d'options}{chapter.16}% 125
\BOOKMARK [2][-]{subsection.16.3.1}{Straddle}{section.16.3}% 126
\BOOKMARK [2][-]{subsection.16.3.2}{Written/short Straddle}{section.16.3}% 127
\BOOKMARK [2][-]{subsection.16.3.3}{Strangle}{section.16.3}% 128
\BOOKMARK [2][-]{subsection.16.3.4}{Butterfly spread}{section.16.3}% 129
\BOOKMARK [2][-]{subsection.16.3.5}{Asymmetric butterfly spread}{section.16.3}% 130
\BOOKMARK [2][-]{subsection.16.3.6}{Bull spread}{section.16.3}% 131
\BOOKMARK [2][-]{subsection.16.3.7}{Box spread}{section.16.3}% 132
\BOOKMARK [2][-]{subsection.16.3.8}{Ratio spread}{section.16.3}% 133
\BOOKMARK [2][-]{subsection.16.3.9}{Collar}{section.16.3}% 134
\BOOKMARK [2][-]{subsection.16.3.10}{R\351sum\351 de la mati\350re}{section.16.3}% 135
\BOOKMARK [0][-]{chapter.17}{Gestion de risque}{}% 136
\BOOKMARK [1][-]{section.17.1}{Couverture pour le vendeur d'un titre \(hedging by the seller of an asset\)}{chapter.17}% 137
\BOOKMARK [1][-]{section.17.2}{Couverture pour l'acheteur d'un titre \(Hedging by the buyer of an asser\)}{chapter.17}% 138
\BOOKMARK [1][-]{section.17.3}{Modifier la valeur de l'assurance}{chapter.17}% 139
\BOOKMARK [1][-]{section.17.4}{Paylater}{chapter.17}% 140
\BOOKMARK [0][-]{chapter.18}{Financial forwards and futures}{}% 141
\BOOKMARK [1][-]{section.18.1}{Comment acheter une action \(4 m\351thodes\)}{chapter.18}% 142
\BOOKMARK [1][-]{section.18.2}{Prix d'un contrat \340 terme pr\351pay\351}{chapter.18}% 143
\BOOKMARK [1][-]{section.18.3}{Low exercise price options \(LEPO\)}{chapter.18}% 144
\BOOKMARK [1][-]{section.18.4}{Prix d'un contrat \340 terme}{chapter.18}% 145
\BOOKMARK [1][-]{section.18.5}{Gestion du risque pour les market-maker}{chapter.18}% 146
\BOOKMARK [1][-]{section.18.6}{Futures contracts}{chapter.18}% 147
\BOOKMARK [2][-]{subsection.18.6.1}{Quanto index contracts}{section.18.6}% 148
\BOOKMARK [0][-]{chapter.19}{Swaps}{}% 149
\BOOKMARK [1][-]{section.19.1}{R\350glement d'un contrat \340 terme}{chapter.19}% 150
\BOOKMARK [1][-]{section.19.2}{Principes d'un contrat swap}{chapter.19}% 151
\BOOKMARK [1][-]{section.19.3}{Valeur marchande des swap}{chapter.19}% 152
\BOOKMARK [1][-]{section.19.4}{Interest rate swaps}{chapter.19}% 153
\BOOKMARK [1][-]{section.19.5}{The swap curve}{chapter.19}% 154
\BOOKMARK [0][-]{appendix.A}{Notes suppl\351mentaires}{}% 155
\BOOKMARK [0][-]{appendix.B}{Format d'affichage, valeur future, valeur actualis\351e et taux nominaux}{}% 156
\BOOKMARK [1][-]{section.B.1}{Format d'affichage}{appendix.B}% 157
\BOOKMARK [1][-]{section.B.2}{Valeur future}{appendix.B}% 158
\BOOKMARK [1][-]{section.B.3}{Trouver le taux d'int\351r\352t}{appendix.B}% 159
\BOOKMARK [1][-]{section.B.4}{Trouver le nombre de p\351riode}{appendix.B}% 160
\BOOKMARK [1][-]{section.B.5}{Taux nominal et TVM}{appendix.B}% 161
\BOOKMARK [1][-]{section.B.6}{Taux \351quivalent}{appendix.B}% 162
\BOOKMARK [0][-]{appendix.C}{Annuit\351 et calculatrice}{}% 163
\BOOKMARK [1][-]{section.C.1}{Annuit\351 due et Begin}{appendix.C}% 164
\BOOKMARK [1][-]{section.C.2}{Annuit\351 \340 progression arithm\351tique}{appendix.C}% 165
\BOOKMARK [0][-]{appendix.D}{Amortissement}{}% 166
\BOOKMARK [1][-]{section.D.1}{TVM et fonction d'amo rtissement}{appendix.D}% 167
\BOOKMARK [0][-]{appendix.E}{Obligations}{}% 168
\BOOKMARK [1][-]{subsection.E.0.1}{TVM et obligation}{appendix.E}% 169
\BOOKMARK [2][-]{subsection.E.0.2}{Bond worksheet}{subsection.E.0.1}% 170
