This is pdfTeX, Version 3.14159265-2.6-1.40.16 (TeX Live 2015/W32TeX) (preloaded format=pdflatex 2016.4.4)  27 NOV 2016 23:49
entering extended mode
 restricted \write18 enabled.
 %&-line parsing enabled.
**./ResumeFM_ASM10e.tex
(./ResumeFM_ASM10e.tex
LaTeX2e <2016/03/31>
Babel <3.9q> and hyphenation patterns for 81 language(s) loaded.
(c:/texlive/2015/texmf-dist/tex/latex/base/report.cls
Document Class: report 2014/09/29 v1.4h Standard LaTeX document class
(c:/texlive/2015/texmf-dist/tex/latex/base/size11.clo
File: size11.clo 2014/09/29 v1.4h Standard LaTeX file (size option)
)
\c@part=\count79
\c@chapter=\count80
\c@section=\count81
\c@subsection=\count82
\c@subsubsection=\count83
\c@paragraph=\count84
\c@subparagraph=\count85
\c@figure=\count86
\c@table=\count87
\abovecaptionskip=\skip41
\belowcaptionskip=\skip42
\bibindent=\dimen102
)
(c:/texlive/2015/texmf-dist/tex/generic/babel/babel.sty
Package: babel 2016/02/24 3.9q The Babel package

(c:/texlive/2015/texmf-dist/tex/generic/babel-french/frenchb.ldf
Language: frenchb 2016/03/18 v3.2a French support from the babel system

(c:/texlive/2015/texmf-dist/tex/generic/babel/babel.def
File: babel.def 2016/02/24 3.9q Babel common definitions
\babel@savecnt=\count88
\U@D=\dimen103
)
\l@acadian = a dialect from \language\l@french 
\l@canadien = a dialect from \language\l@french 
\FBcolonskip=\skip43
\FBthinskip=\skip44
Package babel Info: Making : an active character on input line 342.
Package babel Info: Making ; an active character on input line 343.
Package babel Info: Making ! an active character on input line 344.
Package babel Info: Making ? an active character on input line 345.
\FBguillskip=\skip45
\FBguill@level=\count89
\FB@everypar=\toks14
\FB@Mht=\dimen104
\std@mcc=\count90
\dec@mcc=\count91
\listindentFB=\skip46
\labelwidthFB=\skip47
\leftmarginFB=\skip48
\parindentFFN=\dimen105
\FBfnindent=\skip49
))
(c:/texlive/2015/texmf-dist/tex/latex/carlisle/scalefnt.sty)
(c:/texlive/2015/texmf-dist/tex/latex/graphics/keyval.sty
Package: keyval 2014/10/28 v1.15 key=value parser (DPC)
\KV@toks@=\toks15
)
(c:/texlive/2015/texmf-dist/tex/latex/amsmath/amsmath.sty
Package: amsmath 2016/03/10 v2.15b AMS math features
\@mathmargin=\skip50

For additional information on amsmath, use the `?' option.
(c:/texlive/2015/texmf-dist/tex/latex/amsmath/amstext.sty
Package: amstext 2000/06/29 v2.01 AMS text

(c:/texlive/2015/texmf-dist/tex/latex/amsmath/amsgen.sty
File: amsgen.sty 1999/11/30 v2.0 generic functions
\@emptytoks=\toks16
\ex@=\dimen106
))
(c:/texlive/2015/texmf-dist/tex/latex/amsmath/amsbsy.sty
Package: amsbsy 1999/11/29 v1.2d Bold Symbols
\pmbraise@=\dimen107
)
(c:/texlive/2015/texmf-dist/tex/latex/amsmath/amsopn.sty
Package: amsopn 2016/03/08 v2.02 operator names
)
\inf@bad=\count92
LaTeX Info: Redefining \frac on input line 199.
\uproot@=\count93
\leftroot@=\count94
LaTeX Info: Redefining \overline on input line 297.
\classnum@=\count95
\DOTSCASE@=\count96
LaTeX Info: Redefining \ldots on input line 394.
LaTeX Info: Redefining \dots on input line 397.
LaTeX Info: Redefining \cdots on input line 518.
\Mathstrutbox@=\box26
\strutbox@=\box27
\big@size=\dimen108
LaTeX Font Info:    Redeclaring font encoding OML on input line 634.
LaTeX Font Info:    Redeclaring font encoding OMS on input line 635.
\macc@depth=\count97
\c@MaxMatrixCols=\count98
\dotsspace@=\muskip10
\c@parentequation=\count99
\dspbrk@lvl=\count100
\tag@help=\toks17
\row@=\count101
\column@=\count102
\maxfields@=\count103
\andhelp@=\toks18
\eqnshift@=\dimen109
\alignsep@=\dimen110
\tagshift@=\dimen111
\tagwidth@=\dimen112
\totwidth@=\dimen113
\lineht@=\dimen114
\@envbody=\toks19
\multlinegap=\skip51
\multlinetaggap=\skip52
\mathdisplay@stack=\toks20
LaTeX Info: Redefining \[ on input line 2739.
LaTeX Info: Redefining \] on input line 2740.
)
(c:/texlive/2015/texmf-dist/tex/latex/base/inputenc.sty
Package: inputenc 2015/03/17 v1.2c Input encoding file
\inpenc@prehook=\toks21
\inpenc@posthook=\toks22

(c:/texlive/2015/texmf-dist/tex/latex/base/utf8.def
File: utf8.def 2016/02/28 v1.1s UTF-8 support for inputenc
Now handling font encoding OML ...
... no UTF-8 mapping file for font encoding OML
Now handling font encoding T1 ...
... processing UTF-8 mapping file for font encoding T1

(c:/texlive/2015/texmf-dist/tex/latex/base/t1enc.dfu
File: t1enc.dfu 2016/02/28 v1.1s UTF-8 support for inputenc
   defining Unicode char U+00A0 (decimal 160)
   defining Unicode char U+00A1 (decimal 161)
   defining Unicode char U+00A3 (decimal 163)
   defining Unicode char U+00AB (decimal 171)
   defining Unicode char U+00AD (decimal 173)
   defining Unicode char U+00BB (decimal 187)
   defining Unicode char U+00BF (decimal 191)
   defining Unicode char U+00C0 (decimal 192)
   defining Unicode char U+00C1 (decimal 193)
   defining Unicode char U+00C2 (decimal 194)
   defining Unicode char U+00C3 (decimal 195)
   defining Unicode char U+00C4 (decimal 196)
   defining Unicode char U+00C5 (decimal 197)
   defining Unicode char U+00C6 (decimal 198)
   defining Unicode char U+00C7 (decimal 199)
   defining Unicode char U+00C8 (decimal 200)
   defining Unicode char U+00C9 (decimal 201)
   defining Unicode char U+00CA (decimal 202)
   defining Unicode char U+00CB (decimal 203)
   defining Unicode char U+00CC (decimal 204)
   defining Unicode char U+00CD (decimal 205)
   defining Unicode char U+00CE (decimal 206)
   defining Unicode char U+00CF (decimal 207)
   defining Unicode char U+00D0 (decimal 208)
   defining Unicode char U+00D1 (decimal 209)
   defining Unicode char U+00D2 (decimal 210)
   defining Unicode char U+00D3 (decimal 211)
   defining Unicode char U+00D4 (decimal 212)
   defining Unicode char U+00D5 (decimal 213)
   defining Unicode char U+00D6 (decimal 214)
   defining Unicode char U+00D8 (decimal 216)
   defining Unicode char U+00D9 (decimal 217)
   defining Unicode char U+00DA (decimal 218)
   defining Unicode char U+00DB (decimal 219)
   defining Unicode char U+00DC (decimal 220)
   defining Unicode char U+00DD (decimal 221)
   defining Unicode char U+00DE (decimal 222)
   defining Unicode char U+00DF (decimal 223)
   defining Unicode char U+00E0 (decimal 224)
   defining Unicode char U+00E1 (decimal 225)
   defining Unicode char U+00E2 (decimal 226)
   defining Unicode char U+00E3 (decimal 227)
   defining Unicode char U+00E4 (decimal 228)
   defining Unicode char U+00E5 (decimal 229)
   defining Unicode char U+00E6 (decimal 230)
   defining Unicode char U+00E7 (decimal 231)
   defining Unicode char U+00E8 (decimal 232)
   defining Unicode char U+00E9 (decimal 233)
   defining Unicode char U+00EA (decimal 234)
   defining Unicode char U+00EB (decimal 235)
   defining Unicode char U+00EC (decimal 236)
   defining Unicode char U+00ED (decimal 237)
   defining Unicode char U+00EE (decimal 238)
   defining Unicode char U+00EF (decimal 239)
   defining Unicode char U+00F0 (decimal 240)
   defining Unicode char U+00F1 (decimal 241)
   defining Unicode char U+00F2 (decimal 242)
   defining Unicode char U+00F3 (decimal 243)
   defining Unicode char U+00F4 (decimal 244)
   defining Unicode char U+00F5 (decimal 245)
   defining Unicode char U+00F6 (decimal 246)
   defining Unicode char U+00F8 (decimal 248)
   defining Unicode char U+00F9 (decimal 249)
   defining Unicode char U+00FA (decimal 250)
   defining Unicode char U+00FB (decimal 251)
   defining Unicode char U+00FC (decimal 252)
   defining Unicode char U+00FD (decimal 253)
   defining Unicode char U+00FE (decimal 254)
   defining Unicode char U+00FF (decimal 255)
   defining Unicode char U+0100 (decimal 256)
   defining Unicode char U+0101 (decimal 257)
   defining Unicode char U+0102 (decimal 258)
   defining Unicode char U+0103 (decimal 259)
   defining Unicode char U+0104 (decimal 260)
   defining Unicode char U+0105 (decimal 261)
   defining Unicode char U+0106 (decimal 262)
   defining Unicode char U+0107 (decimal 263)
   defining Unicode char U+0108 (decimal 264)
   defining Unicode char U+0109 (decimal 265)
   defining Unicode char U+010A (decimal 266)
   defining Unicode char U+010B (decimal 267)
   defining Unicode char U+010C (decimal 268)
   defining Unicode char U+010D (decimal 269)
   defining Unicode char U+010E (decimal 270)
   defining Unicode char U+010F (decimal 271)
   defining Unicode char U+0110 (decimal 272)
   defining Unicode char U+0111 (decimal 273)
   defining Unicode char U+0112 (decimal 274)
   defining Unicode char U+0113 (decimal 275)
   defining Unicode char U+0114 (decimal 276)
   defining Unicode char U+0115 (decimal 277)
   defining Unicode char U+0116 (decimal 278)
   defining Unicode char U+0117 (decimal 279)
   defining Unicode char U+0118 (decimal 280)
   defining Unicode char U+0119 (decimal 281)
   defining Unicode char U+011A (decimal 282)
   defining Unicode char U+011B (decimal 283)
   defining Unicode char U+011C (decimal 284)
   defining Unicode char U+011D (decimal 285)
   defining Unicode char U+011E (decimal 286)
   defining Unicode char U+011F (decimal 287)
   defining Unicode char U+0120 (decimal 288)
   defining Unicode char U+0121 (decimal 289)
   defining Unicode char U+0122 (decimal 290)
   defining Unicode char U+0123 (decimal 291)
   defining Unicode char U+0124 (decimal 292)
   defining Unicode char U+0125 (decimal 293)
   defining Unicode char U+0128 (decimal 296)
   defining Unicode char U+0129 (decimal 297)
   defining Unicode char U+012A (decimal 298)
   defining Unicode char U+012B (decimal 299)
   defining Unicode char U+012C (decimal 300)
   defining Unicode char U+012D (decimal 301)
   defining Unicode char U+012E (decimal 302)
   defining Unicode char U+012F (decimal 303)
   defining Unicode char U+0130 (decimal 304)
   defining Unicode char U+0131 (decimal 305)
   defining Unicode char U+0132 (decimal 306)
   defining Unicode char U+0133 (decimal 307)
   defining Unicode char U+0134 (decimal 308)
   defining Unicode char U+0135 (decimal 309)
   defining Unicode char U+0136 (decimal 310)
   defining Unicode char U+0137 (decimal 311)
   defining Unicode char U+0139 (decimal 313)
   defining Unicode char U+013A (decimal 314)
   defining Unicode char U+013B (decimal 315)
   defining Unicode char U+013C (decimal 316)
   defining Unicode char U+013D (decimal 317)
   defining Unicode char U+013E (decimal 318)
   defining Unicode char U+0141 (decimal 321)
   defining Unicode char U+0142 (decimal 322)
   defining Unicode char U+0143 (decimal 323)
   defining Unicode char U+0144 (decimal 324)
   defining Unicode char U+0145 (decimal 325)
   defining Unicode char U+0146 (decimal 326)
   defining Unicode char U+0147 (decimal 327)
   defining Unicode char U+0148 (decimal 328)
   defining Unicode char U+014A (decimal 330)
   defining Unicode char U+014B (decimal 331)
   defining Unicode char U+014C (decimal 332)
   defining Unicode char U+014D (decimal 333)
   defining Unicode char U+014E (decimal 334)
   defining Unicode char U+014F (decimal 335)
   defining Unicode char U+0150 (decimal 336)
   defining Unicode char U+0151 (decimal 337)
   defining Unicode char U+0152 (decimal 338)
   defining Unicode char U+0153 (decimal 339)
   defining Unicode char U+0154 (decimal 340)
   defining Unicode char U+0155 (decimal 341)
   defining Unicode char U+0156 (decimal 342)
   defining Unicode char U+0157 (decimal 343)
   defining Unicode char U+0158 (decimal 344)
   defining Unicode char U+0159 (decimal 345)
   defining Unicode char U+015A (decimal 346)
   defining Unicode char U+015B (decimal 347)
   defining Unicode char U+015C (decimal 348)
   defining Unicode char U+015D (decimal 349)
   defining Unicode char U+015E (decimal 350)
   defining Unicode char U+015F (decimal 351)
   defining Unicode char U+0160 (decimal 352)
   defining Unicode char U+0161 (decimal 353)
   defining Unicode char U+0162 (decimal 354)
   defining Unicode char U+0163 (decimal 355)
   defining Unicode char U+0164 (decimal 356)
   defining Unicode char U+0165 (decimal 357)
   defining Unicode char U+0168 (decimal 360)
   defining Unicode char U+0169 (decimal 361)
   defining Unicode char U+016A (decimal 362)
   defining Unicode char U+016B (decimal 363)
   defining Unicode char U+016C (decimal 364)
   defining Unicode char U+016D (decimal 365)
   defining Unicode char U+016E (decimal 366)
   defining Unicode char U+016F (decimal 367)
   defining Unicode char U+0170 (decimal 368)
   defining Unicode char U+0171 (decimal 369)
   defining Unicode char U+0172 (decimal 370)
   defining Unicode char U+0173 (decimal 371)
   defining Unicode char U+0174 (decimal 372)
   defining Unicode char U+0175 (decimal 373)
   defining Unicode char U+0176 (decimal 374)
   defining Unicode char U+0177 (decimal 375)
   defining Unicode char U+0178 (decimal 376)
   defining Unicode char U+0179 (decimal 377)
   defining Unicode char U+017A (decimal 378)
   defining Unicode char U+017B (decimal 379)
   defining Unicode char U+017C (decimal 380)
   defining Unicode char U+017D (decimal 381)
   defining Unicode char U+017E (decimal 382)
   defining Unicode char U+01CD (decimal 461)
   defining Unicode char U+01CE (decimal 462)
   defining Unicode char U+01CF (decimal 463)
   defining Unicode char U+01D0 (decimal 464)
   defining Unicode char U+01D1 (decimal 465)
   defining Unicode char U+01D2 (decimal 466)
   defining Unicode char U+01D3 (decimal 467)
   defining Unicode char U+01D4 (decimal 468)
   defining Unicode char U+01E2 (decimal 482)
   defining Unicode char U+01E3 (decimal 483)
   defining Unicode char U+01E6 (decimal 486)
   defining Unicode char U+01E7 (decimal 487)
   defining Unicode char U+01E8 (decimal 488)
   defining Unicode char U+01E9 (decimal 489)
   defining Unicode char U+01EA (decimal 490)
   defining Unicode char U+01EB (decimal 491)
   defining Unicode char U+01F0 (decimal 496)
   defining Unicode char U+01F4 (decimal 500)
   defining Unicode char U+01F5 (decimal 501)
   defining Unicode char U+0218 (decimal 536)
   defining Unicode char U+0219 (decimal 537)
   defining Unicode char U+021A (decimal 538)
   defining Unicode char U+021B (decimal 539)
   defining Unicode char U+1E02 (decimal 7682)
   defining Unicode char U+1E03 (decimal 7683)
   defining Unicode char U+200C (decimal 8204)
   defining Unicode char U+2010 (decimal 8208)
   defining Unicode char U+2011 (decimal 8209)
   defining Unicode char U+2012 (decimal 8210)
   defining Unicode char U+2013 (decimal 8211)
   defining Unicode char U+2014 (decimal 8212)
   defining Unicode char U+2015 (decimal 8213)
   defining Unicode char U+2018 (decimal 8216)
   defining Unicode char U+2019 (decimal 8217)
   defining Unicode char U+201A (decimal 8218)
   defining Unicode char U+201C (decimal 8220)
   defining Unicode char U+201D (decimal 8221)
   defining Unicode char U+201E (decimal 8222)
   defining Unicode char U+2030 (decimal 8240)
   defining Unicode char U+2031 (decimal 8241)
   defining Unicode char U+2039 (decimal 8249)
   defining Unicode char U+203A (decimal 8250)
   defining Unicode char U+2423 (decimal 9251)
)
Now handling font encoding OT1 ...
... processing UTF-8 mapping file for font encoding OT1

(c:/texlive/2015/texmf-dist/tex/latex/base/ot1enc.dfu
File: ot1enc.dfu 2016/02/28 v1.1s UTF-8 support for inputenc
   defining Unicode char U+00A0 (decimal 160)
   defining Unicode char U+00A1 (decimal 161)
   defining Unicode char U+00A3 (decimal 163)
   defining Unicode char U+00AD (decimal 173)
   defining Unicode char U+00B8 (decimal 184)
   defining Unicode char U+00BF (decimal 191)
   defining Unicode char U+00C5 (decimal 197)
   defining Unicode char U+00C6 (decimal 198)
   defining Unicode char U+00D8 (decimal 216)
   defining Unicode char U+00DF (decimal 223)
   defining Unicode char U+00E6 (decimal 230)
   defining Unicode char U+00EC (decimal 236)
   defining Unicode char U+00ED (decimal 237)
   defining Unicode char U+00EE (decimal 238)
   defining Unicode char U+00EF (decimal 239)
   defining Unicode char U+00F8 (decimal 248)
   defining Unicode char U+0131 (decimal 305)
   defining Unicode char U+0141 (decimal 321)
   defining Unicode char U+0142 (decimal 322)
   defining Unicode char U+0152 (decimal 338)
   defining Unicode char U+0153 (decimal 339)
   defining Unicode char U+0174 (decimal 372)
   defining Unicode char U+0175 (decimal 373)
   defining Unicode char U+0176 (decimal 374)
   defining Unicode char U+0177 (decimal 375)
   defining Unicode char U+0218 (decimal 536)
   defining Unicode char U+0219 (decimal 537)
   defining Unicode char U+021A (decimal 538)
   defining Unicode char U+021B (decimal 539)
   defining Unicode char U+2013 (decimal 8211)
   defining Unicode char U+2014 (decimal 8212)
   defining Unicode char U+2018 (decimal 8216)
   defining Unicode char U+2019 (decimal 8217)
   defining Unicode char U+201C (decimal 8220)
   defining Unicode char U+201D (decimal 8221)
)
Now handling font encoding OMS ...
... processing UTF-8 mapping file for font encoding OMS

(c:/texlive/2015/texmf-dist/tex/latex/base/omsenc.dfu
File: omsenc.dfu 2016/02/28 v1.1s UTF-8 support for inputenc
   defining Unicode char U+00A7 (decimal 167)
   defining Unicode char U+00B6 (decimal 182)
   defining Unicode char U+00B7 (decimal 183)
   defining Unicode char U+2020 (decimal 8224)
   defining Unicode char U+2021 (decimal 8225)
   defining Unicode char U+2022 (decimal 8226)
)
Now handling font encoding OMX ...
... no UTF-8 mapping file for font encoding OMX
Now handling font encoding U ...
... no UTF-8 mapping file for font encoding U
   defining Unicode char U+00A9 (decimal 169)
   defining Unicode char U+00AA (decimal 170)
   defining Unicode char U+00AE (decimal 174)
   defining Unicode char U+00BA (decimal 186)
   defining Unicode char U+02C6 (decimal 710)
   defining Unicode char U+02DC (decimal 732)
   defining Unicode char U+200C (decimal 8204)
   defining Unicode char U+2026 (decimal 8230)
   defining Unicode char U+2122 (decimal 8482)
   defining Unicode char U+2423 (decimal 9251)
))
(c:/texlive/2015/texmf-dist/tex/latex/base/fontenc.sty
Package: fontenc 2005/09/27 v1.99g Standard LaTeX package

(c:/texlive/2015/texmf-dist/tex/latex/base/t1enc.def
File: t1enc.def 2005/09/27 v1.99g Standard LaTeX file
LaTeX Font Info:    Redeclaring font encoding T1 on input line 48.
))
(c:/texlive/2015/texmf-dist/tex/latex/numprint/numprint.sty
Package: numprint 2012/08/20 v1.39 Print numbers (HH)

(c:/texlive/2015/texmf-dist/tex/latex/tools/array.sty
Package: array 2014/10/28 v2.4c Tabular extension package (FMi)
\col@sep=\dimen115
\extrarowheight=\dimen116
\NC@list=\toks23
\extratabsurround=\skip53
\backup@length=\skip54
)
\c@nprt@mantissa@digitsbefore=\count104
\c@nprt@mantissa@digitsafter=\count105
\c@nprt@exponent@digitsbefore=\count106
\c@nprt@exponent@digitsafter=\count107
\nprt@digitwidth=\skip55
\nprt@sepwidth=\skip56
\nprt@decimalwidth=\skip57
\nprt@blockwidth=\skip58
\nprt@digittoks=\toks24
\nprt@pretoks=\toks25
\nprt@posttoks=\toks26
\nprt@thisdigit=\count108
\nprt@curpos=\count109
\nprt@rndpos=\count110
\c@nprt@digitsfirstblock=\count111
\c@nprt@blockcnt=\count112
\c@nprt@cntprint=\count113

No configuration file `numprint.cfg' found.)
(c:/texlive/2015/texmf-dist/tex/latex/graphics/graphicx.sty
Package: graphicx 2014/10/28 v1.0g Enhanced LaTeX Graphics (DPC,SPQR)

(c:/texlive/2015/texmf-dist/tex/latex/graphics/graphics.sty
Package: graphics 2016/01/03 v1.0q Standard LaTeX Graphics (DPC,SPQR)

(c:/texlive/2015/texmf-dist/tex/latex/graphics/trig.sty
Package: trig 2016/01/03 v1.10 sin cos tan (DPC)
)
(c:/texlive/2015/texmf-dist/tex/latex/latexconfig/graphics.cfg
File: graphics.cfg 2010/04/23 v1.9 graphics configuration of TeX Live
)
Package graphics Info: Driver file: pdftex.def on input line 95.

(c:/texlive/2015/texmf-dist/tex/latex/pdftex-def/pdftex.def
File: pdftex.def 2011/05/27 v0.06d Graphics/color for pdfTeX

(c:/texlive/2015/texmf-dist/tex/generic/oberdiek/infwarerr.sty
Package: infwarerr 2010/04/08 v1.3 Providing info/warning/error messages (HO)
)
(c:/texlive/2015/texmf-dist/tex/generic/oberdiek/ltxcmds.sty
Package: ltxcmds 2011/11/09 v1.22 LaTeX kernel commands for general use (HO)
)
\Gread@gobject=\count114
))
\Gin@req@height=\dimen117
\Gin@req@width=\dimen118
)
(c:/texlive/2015/texmf-dist/tex/latex/hyperref/hyperref.sty
Package: hyperref 2012/11/06 v6.83m Hypertext links for LaTeX

(c:/texlive/2015/texmf-dist/tex/generic/oberdiek/hobsub-hyperref.sty
Package: hobsub-hyperref 2012/05/28 v1.13 Bundle oberdiek, subset hyperref (HO)


(c:/texlive/2015/texmf-dist/tex/generic/oberdiek/hobsub-generic.sty
Package: hobsub-generic 2012/05/28 v1.13 Bundle oberdiek, subset generic (HO)
Package: hobsub 2012/05/28 v1.13 Construct package bundles (HO)
Package hobsub Info: Skipping package `infwarerr' (already loaded).
Package hobsub Info: Skipping package `ltxcmds' (already loaded).
Package: ifluatex 2010/03/01 v1.3 Provides the ifluatex switch (HO)
Package ifluatex Info: LuaTeX not detected.
Package: ifvtex 2010/03/01 v1.5 Detect VTeX and its facilities (HO)
Package ifvtex Info: VTeX not detected.
Package: intcalc 2007/09/27 v1.1 Expandable calculations with integers (HO)
Package: ifpdf 2011/01/30 v2.3 Provides the ifpdf switch (HO)
Package ifpdf Info: pdfTeX in PDF mode is detected.
Package: etexcmds 2011/02/16 v1.5 Avoid name clashes with e-TeX commands (HO)
Package etexcmds Info: Could not find \expanded.
(etexcmds)             That can mean that you are not using pdfTeX 1.50 or
(etexcmds)             that some package has redefined \expanded.
(etexcmds)             In the latter case, load this package earlier.
Package: kvsetkeys 2012/04/25 v1.16 Key value parser (HO)
Package: kvdefinekeys 2011/04/07 v1.3 Define keys (HO)
Package: pdftexcmds 2011/11/29 v0.20 Utility functions of pdfTeX for LuaTeX (HO
)
Package pdftexcmds Info: LuaTeX not detected.
Package pdftexcmds Info: \pdf@primitive is available.
Package pdftexcmds Info: \pdf@ifprimitive is available.
Package pdftexcmds Info: \pdfdraftmode found.
Package: pdfescape 2011/11/25 v1.13 Implements pdfTeX's escape features (HO)
Package: bigintcalc 2012/04/08 v1.3 Expandable calculations on big integers (HO
)
Package: bitset 2011/01/30 v1.1 Handle bit-vector datatype (HO)
Package: uniquecounter 2011/01/30 v1.2 Provide unlimited unique counter (HO)
)
Package hobsub Info: Skipping package `hobsub' (already loaded).
Package: letltxmacro 2010/09/02 v1.4 Let assignment for LaTeX macros (HO)
Package: hopatch 2012/05/28 v1.2 Wrapper for package hooks (HO)
Package: xcolor-patch 2011/01/30 xcolor patch
Package: atveryend 2011/06/30 v1.8 Hooks at the very end of document (HO)
Package atveryend Info: \enddocument detected (standard20110627).
Package: atbegshi 2011/10/05 v1.16 At begin shipout hook (HO)
Package: refcount 2011/10/16 v3.4 Data extraction from label references (HO)
Package: hycolor 2011/01/30 v1.7 Color options for hyperref/bookmark (HO)
)
(c:/texlive/2015/texmf-dist/tex/generic/ifxetex/ifxetex.sty
Package: ifxetex 2010/09/12 v0.6 Provides ifxetex conditional
)
(c:/texlive/2015/texmf-dist/tex/latex/oberdiek/auxhook.sty
Package: auxhook 2011/03/04 v1.3 Hooks for auxiliary files (HO)
)
(c:/texlive/2015/texmf-dist/tex/latex/oberdiek/kvoptions.sty
Package: kvoptions 2011/06/30 v3.11 Key value format for package options (HO)
)
\@linkdim=\dimen119
\Hy@linkcounter=\count115
\Hy@pagecounter=\count116

(c:/texlive/2015/texmf-dist/tex/latex/hyperref/pd1enc.def
File: pd1enc.def 2012/11/06 v6.83m Hyperref: PDFDocEncoding definition (HO)
Now handling font encoding PD1 ...
... no UTF-8 mapping file for font encoding PD1
)
\Hy@SavedSpaceFactor=\count117

(c:/texlive/2015/texmf-dist/tex/latex/latexconfig/hyperref.cfg
File: hyperref.cfg 2002/06/06 v1.2 hyperref configuration of TeXLive
)
Package hyperref Info: Option `colorlinks' set `true' on input line 4319.
Package hyperref Info: Hyper figures OFF on input line 4443.
Package hyperref Info: Link nesting OFF on input line 4448.
Package hyperref Info: Hyper index ON on input line 4451.
Package hyperref Info: Plain pages OFF on input line 4458.
Package hyperref Info: Backreferencing OFF on input line 4463.
Package hyperref Info: Implicit mode ON; LaTeX internals redefined.
Package hyperref Info: Bookmarks ON on input line 4688.
\c@Hy@tempcnt=\count118

(c:/texlive/2015/texmf-dist/tex/latex/url/url.sty
\Urlmuskip=\muskip11
Package: url 2013/09/16  ver 3.4  Verb mode for urls, etc.
)
LaTeX Info: Redefining \url on input line 5041.
\XeTeXLinkMargin=\dimen120
\Fld@menulength=\count119
\Field@Width=\dimen121
\Fld@charsize=\dimen122
Package hyperref Info: Hyper figures OFF on input line 6295.
Package hyperref Info: Link nesting OFF on input line 6300.
Package hyperref Info: Hyper index ON on input line 6303.
Package hyperref Info: backreferencing OFF on input line 6310.
Package hyperref Info: Link coloring ON on input line 6313.
Package hyperref Info: Link coloring with OCG OFF on input line 6320.
Package hyperref Info: PDF/A mode OFF on input line 6325.
LaTeX Info: Redefining \ref on input line 6365.
LaTeX Info: Redefining \pageref on input line 6369.
\Hy@abspage=\count120
\c@Item=\count121
\c@Hfootnote=\count122
)

Package hyperref Message: Driver (autodetected): hpdftex.

(c:/texlive/2015/texmf-dist/tex/latex/hyperref/hpdftex.def
File: hpdftex.def 2012/11/06 v6.83m Hyperref driver for pdfTeX
\Fld@listcount=\count123
\c@bookmark@seq@number=\count124

(c:/texlive/2015/texmf-dist/tex/latex/oberdiek/rerunfilecheck.sty
Package: rerunfilecheck 2011/04/15 v1.7 Rerun checks for auxiliary files (HO)
Package uniquecounter Info: New unique counter `rerunfilecheck' on input line 2
82.
)
\Hy@SectionHShift=\skip59
)
(./ResumeFM_ASM10e.aux)
\openout1 = `ResumeFM_ASM10e.aux'.

LaTeX Font Info:    Checking defaults for OML/cmm/m/it on input line 37.
LaTeX Font Info:    ... okay on input line 37.
LaTeX Font Info:    Checking defaults for T1/cmr/m/n on input line 37.
LaTeX Font Info:    ... okay on input line 37.
LaTeX Font Info:    Checking defaults for OT1/cmr/m/n on input line 37.
LaTeX Font Info:    ... okay on input line 37.
LaTeX Font Info:    Checking defaults for OMS/cmsy/m/n on input line 37.
LaTeX Font Info:    ... okay on input line 37.
LaTeX Font Info:    Checking defaults for OMX/cmex/m/n on input line 37.
LaTeX Font Info:    ... okay on input line 37.
LaTeX Font Info:    Checking defaults for U/cmr/m/n on input line 37.
LaTeX Font Info:    ... okay on input line 37.
LaTeX Font Info:    Checking defaults for PD1/pdf/m/n on input line 37.
LaTeX Font Info:    ... okay on input line 37.
LaTeX Info: Redefining \degres on input line 37.
LaTeX Info: Redefining \dots on input line 37.
LaTeX Info: Redefining \up on input line 37.

(c:/texlive/2015/texmf-dist/tex/context/base/supp-pdf.mkii
[Loading MPS to PDF converter (version 2006.09.02).]
\scratchcounter=\count125
\scratchdimen=\dimen123
\scratchbox=\box28
\nofMPsegments=\count126
\nofMParguments=\count127
\everyMPshowfont=\toks27
\MPscratchCnt=\count128
\MPscratchDim=\dimen124
\MPnumerator=\count129
\makeMPintoPDFobject=\count130
\everyMPtoPDFconversion=\toks28
) (c:/texlive/2015/texmf-dist/tex/latex/oberdiek/epstopdf-base.sty
Package: epstopdf-base 2010/02/09 v2.5 Base part for package epstopdf

(c:/texlive/2015/texmf-dist/tex/latex/oberdiek/grfext.sty
Package: grfext 2010/08/19 v1.1 Manage graphics extensions (HO)
)
Package grfext Info: Graphics extension search list:
(grfext)             [.png,.pdf,.jpg,.mps,.jpeg,.jbig2,.jb2,.PNG,.PDF,.JPG,.JPE
G,.JBIG2,.JB2,.eps]
(grfext)             \AppendGraphicsExtensions on input line 452.

(c:/texlive/2015/texmf-dist/tex/latex/latexconfig/epstopdf-sys.cfg
File: epstopdf-sys.cfg 2010/07/13 v1.3 Configuration of (r)epstopdf for TeX Liv
e
))
\AtBeginShipoutBox=\box29

(c:/texlive/2015/texmf-dist/tex/latex/graphics/color.sty
Package: color 2016/01/03 v1.1b Standard LaTeX Color (DPC)

(c:/texlive/2015/texmf-dist/tex/latex/latexconfig/color.cfg
File: color.cfg 2007/01/18 v1.5 color configuration of teTeX/TeXLive
)
Package color Info: Driver file: pdftex.def on input line 143.
)
Package hyperref Info: Link coloring ON on input line 37.

(c:/texlive/2015/texmf-dist/tex/latex/hyperref/nameref.sty
Package: nameref 2012/10/27 v2.43 Cross-referencing by name of section

(c:/texlive/2015/texmf-dist/tex/generic/oberdiek/gettitlestring.sty
Package: gettitlestring 2010/12/03 v1.4 Cleanup title references (HO)
)
\c@section@level=\count131
)
LaTeX Info: Redefining \ref on input line 37.
LaTeX Info: Redefining \pageref on input line 37.
LaTeX Info: Redefining \nameref on input line 37.

(./ResumeFM_ASM10e.out) (./ResumeFM_ASM10e.out)
\@outlinefile=\write3
\openout3 = `ResumeFM_ASM10e.out'.

 [1

{c:/texlive/2015/texmf-var/fonts/map/pdftex/updmap/pdftex.map}] (./ResumeFM_ASM
10e.tocpdfTeX warning (ext4): destination with the same identifier (name{page.1
}) has been already used, duplicate ignored
<to be read again> 
                   \relax 
l.32 ...athaccentV {ddot}07F{s}$}{15}{section.3.3}
                                                   [1

] [2] [3] [4] [5])
\tf@toc=\write4
\openout4 = `ResumeFM_ASM10e.toc'.


[6]
Chapitre 1.
[7

] [8]

Package hyperref Warning: Token not allowed in a PDF string (PDFDocEncoding):
(hyperref)                removing `math shift' on input line 132.


Package hyperref Warning: Token not allowed in a PDF string (PDFDocEncoding):
(hyperref)                removing `\delta' on input line 132.


Package hyperref Warning: Token not allowed in a PDF string (PDFDocEncoding):
(hyperref)                removing `math shift' on input line 132.


Package hyperref Warning: Token not allowed in a PDF string (PDFDocEncoding):
(hyperref)                removing `math shift' on input line 136.


Package hyperref Warning: Token not allowed in a PDF string (PDFDocEncoding):
(hyperref)                removing `\delta' on input line 136.


Package hyperref Warning: Token not allowed in a PDF string (PDFDocEncoding):
(hyperref)                removing `subscript' on input line 136.


Package hyperref Warning: Token not allowed in a PDF string (PDFDocEncoding):
(hyperref)                removing `math shift' on input line 136.


Underfull \hbox (badness 10000) in paragraph at lines 140--142

 []


Package hyperref Warning: Token not allowed in a PDF string (PDFDocEncoding):
(hyperref)                removing `math shift' on input line 149.


Package hyperref Warning: Token not allowed in a PDF string (PDFDocEncoding):
(hyperref)                removing `\delta' on input line 149.


Package hyperref Warning: Token not allowed in a PDF string (PDFDocEncoding):
(hyperref)                removing `math shift' on input line 149.

[9]

Package hyperref Warning: Token not allowed in a PDF string (PDFDocEncoding):
(hyperref)                removing `math shift' on input line 194.


Package hyperref Warning: Token not allowed in a PDF string (PDFDocEncoding):
(hyperref)                removing `subscript' on input line 194.


Package hyperref Warning: Token not allowed in a PDF string (PDFDocEncoding):
(hyperref)                removing `math shift' on input line 194.


Package hyperref Warning: Token not allowed in a PDF string (PDFDocEncoding):
(hyperref)                removing `math shift' on input line 194.


Package hyperref Warning: Token not allowed in a PDF string (PDFDocEncoding):
(hyperref)                removing `subscript' on input line 194.


Package hyperref Warning: Token not allowed in a PDF string (PDFDocEncoding):
(hyperref)                removing `math shift' on input line 194.

[10]
Chapitre 2.

Package hyperref Warning: Difference (2) between bookmark levels is greater 
(hyperref)                than one, level fixed on input line 219.

<picture1.PNG, id=963, 424.58624pt x 126.4725pt>
File: picture1.PNG Graphic file (type png)
 <use picture1.PNG>
Package pdftex.def Info: picture1.PNG used on input line 228.
(pdftex.def)             Requested size: 275.97778pt x 82.20615pt.

<picture2.PNG, id=965, 237.13594pt x 154.32657pt>
File: picture2.PNG Graphic file (type png)
 <use picture2.PNG>
Package pdftex.def Info: picture2.PNG used on input line 236.
(pdftex.def)             Requested size: 142.28265pt x 92.59663pt.
 [11

 <./picture1.PNG>] [12 <./picture2.PNG>]
Chapitre 3.
[13

]

Package hyperref Warning: Token not allowed in a PDF string (PDFDocEncoding):
(hyperref)                removing `math shift' on input line 328.


Package hyperref Warning: Token not allowed in a PDF string (PDFDocEncoding):
(hyperref)                removing `math shift' on input line 328.

[14] <picture3.PNG, id=1005, 504.38437pt x 226.59656pt>
File: picture3.PNG Graphic file (type png)
 <use picture3.PNG>
Package pdftex.def Info: picture3.PNG used on input line 355.
(pdftex.def)             Requested size: 277.41226pt x 124.62848pt.

[15 <./picture3.PNG>] [16] <picture4.PNG, id=1032, 591.71063pt x 217.5628pt>
File: picture4.PNG Graphic file (type png)

<use picture4.PNG>
Package pdftex.def Info: picture4.PNG used on input line 424.
(pdftex.def)             Requested size: 473.36914pt x 174.05048pt.

Overfull \hbox (113.36914pt too wide) in paragraph at lines 422--425
[] 
 []

[17] [18 <./picture4.PNG>]
Chapitre 4.
[19

] <picture5.PNG, id=1060, 708.39656pt x 388.45125pt>
File: picture5.PNG Graphic file (type png)
 <use picture5.PNG>
Package pdftex.def Info: picture5.PNG used on input line 501.
(pdftex.def)             Requested size: 389.61931pt x 213.64883pt.

Overfull \hbox (29.61931pt too wide) in paragraph at lines 499--502
[] 
 []

[20] [21 <./picture5.PNG>] [22]
Overfull \hbox (58.71678pt too wide) in paragraph at lines 569--569
[] 
 []


Overfull \hbox (10.23166pt too wide) in paragraph at lines 595--595
[]\T1/cmr/bx/n/12 Annuité à pro-gres-sion arith-mé-tique (\T1/cmr/bx/it/12 In-c
rea-sing an-nuity\T1/cmr/bx/n/12 ) 
 []

[23] [24] <picture6.PNG, id=1128, 565.36218pt x 203.25937pt>
File: picture6.PNG Graphic file (type png)

<use picture6.PNG>
Package pdftex.def Info: picture6.PNG used on input line 643.
(pdftex.def)             Requested size: 344.87042pt x 123.98802pt.
 [25 <./picture6.PNG>] [26]
<picture8.png, id=1168, 422.57875pt x 341.275pt>
File: picture8.png Graphic file (type png)
 <use picture8.png>
Package pdftex.def Info: picture8.png used on input line 721.
(pdftex.def)             Requested size: 253.5492pt x 204.76657pt.
 [27 <./picture8.png>] <picture7.png, id=1181, 422.57875pt x 341.275pt>
File: picture7.png Graphic file (type png)
 <use picture7.png>
Package pdftex.def Info: picture7.png used on input line 732.
(pdftex.def)             Requested size: 253.5492pt x 204.76657pt.

[28 <./picture7.png>] <picture9.PNG, id=1192, 593.21625pt x 228.855pt>
File: picture9.PNG Graphic file (type png)

<use picture9.PNG>
Package pdftex.def Info: picture9.PNG used on input line 758.
(pdftex.def)             Requested size: 349.99455pt x 135.02327pt.
 <picture10.PNG, id=1193, 336.50719pt x 80.55093pt>
File: picture10.PNG Graphic file (type png)

<use picture10.PNG>
Package pdftex.def Info: picture10.PNG used on input line 765.
(pdftex.def)             Requested size: 218.72707pt x 52.35748pt.
 [29 <./picture9.PNG> <./picture10.PNG>]
<picture11.PNG, id=1203, 877.77937pt x 246.9225pt>
File: picture11.PNG Graphic file (type png)
 <use picture11.PNG>
Package pdftex.def Info: picture11.PNG used on input line 780.
(pdftex.def)             Requested size: 526.67169pt x 148.15462pt.

<picture12.PNG, id=1204, 422.32782pt x 206.27063pt>
File: picture12.PNG Graphic file (type png)
 <use picture12.PNG>
Package pdftex.def Info: picture12.PNG used on input line 783.
(pdftex.def)             Requested size: 232.281pt x 113.44919pt.

Overfull \hbox (166.67169pt too wide) in paragraph at lines 778--786
[]
 []

[30 <./picture11.PNG> <./picture12.PNG>]
Chapitre 5.

Package hyperref Warning: Difference (2) between bookmark levels is greater 
(hyperref)                than one, level fixed on input line 793.

[31

] [32] <picture13.PNG, id=1236, 651.18282pt x 643.6547pt>
File: picture13.PNG Graphic file (type png)

<use picture13.PNG>
Package pdftex.def Info: picture13.PNG used on input line 875.
(pdftex.def)             Requested size: 390.7127pt x 386.1958pt.

Overfull \hbox (30.7127pt too wide) in paragraph at lines 872--876
[] 
 []

[33] [34 <./picture13.PNG>] [35]
Chapitre 6.
[36

] [37]
Overfull \hbox (1.33282pt too wide) in paragraph at lines 960--960
[]\T1/cmr/bx/n/14.4 Balance du prêt, in-té-rêts payés et prin-ci-pal payé
 []


Underfull \hbox (badness 10000) in paragraph at lines 963--970

 []


Underfull \hbox (badness 10000) in paragraph at lines 963--970

 []

<picture14.PNG, id=1271, 853.68938pt x 279.29344pt>
File: picture14.PNG Graphic file (type png)
 <use picture14.PNG>
Package pdftex.def Info: picture14.PNG used on input line 981.
(pdftex.def)             Requested size: 384.15668pt x 125.68088pt.

Overfull \hbox (24.15668pt too wide) in paragraph at lines 979--984
[] 
 []

[38] [39 <./picture14.PNG>]
Chapitre 7.

Underfull \hbox (badness 10000) in paragraph at lines 1011--1015

 []

[40

]

Package hyperref Warning: Difference (2) between bookmark levels is greater 
(hyperref)                than one, level fixed on input line 1016.

[41] <picture15.PNG, id=1313, 503.63156pt x 525.46312pt>
File: picture15.PNG Graphic file (type png)
 <use picture15.PNG>
Package pdftex.def Info: picture15.PNG used on input line 1101.
(pdftex.def)             Requested size: 201.44905pt x 210.18152pt.

[42] <picture16.PNG, id=1324, 484.05844pt x 541.27219pt>
File: picture16.PNG Graphic file (type png)
 <use picture16.PNG>
Package pdftex.def Info: picture16.PNG used on input line 1105.
(pdftex.def)             Requested size: 193.61993pt x 216.50504pt.

<picture17.PNG, id=1325, 512.66531pt x 566.115pt>
File: picture17.PNG Graphic file (type png)
 <use picture17.PNG>
Package pdftex.def Info: picture17.PNG used on input line 1109.
(pdftex.def)             Requested size: 205.06248pt x 226.44199pt.
 [43 <./picture15.PNG> <./picture16.PNG>]
Overfull \hbox (13.52434pt too wide) in paragraph at lines 1127--1130
\T1/cmr/m/n/10.95 Astuce mné-mo-tech-nique : Pour le taux de ren-de-ment d'une 
obli-ga-tion \T1/cmr/bx/n/10.95 P\T1/cmr/m/n/10.95 remium,
 []

[44 <./picture17.PNG>] [45]
Chapitre 8.
<picture18.PNG, id=1350, 638.385pt x 614.295pt>
File: picture18.PNG Graphic file (type png)
 <use picture18.PNG>
Package pdftex.def Info: picture18.PNG used on input line 1146.
(pdftex.def)             Requested size: 319.19171pt x 307.14674pt.

<picture19.PNG, id=1351, 596.98032pt x 381.67593pt>
File: picture19.PNG Graphic file (type png)
 <use picture19.PNG>
Package pdftex.def Info: picture19.PNG used on input line 1148.
(pdftex.def)             Requested size: 298.48943pt x 190.8375pt.

Underfull \hbox (badness 10000) in paragraph at lines 1143--1150

 []

[46

] [47 <./picture18.PNG> <./picture19.PNG>]

LaTeX Warning: Command \c invalid in math mode on input line 1158.

Missing character: There is no ç in font cmr10!
[48]
Chapitre 9.
[49

] [50] [51] [52] [53]
Chapitre 10.

Underfull \hbox (badness 10000) in paragraph at lines 1348--1351

 []

[54

] [55]
Chapitre 11.
[56

]
Chapitre 12.

Overfull \hbox (7.45755pt too wide) in paragraph at lines 1416--1416
[]\T1/cmr/bx/n/14.4 Truc mné-mo-tech-nique pour les op-tions d'achats 
 []

[57

]
Chapitre 13.
<picture20.PNG, id=1464, 706.13812pt x 257.46187pt>
File: picture20.PNG Graphic file (type png)
 <use picture20.PNG>
Package pdftex.def Info: picture20.PNG used on input line 1459.
(pdftex.def)             Requested size: 388.37717pt x 141.60445pt.

Overfull \hbox (28.37717pt too wide) in paragraph at lines 1457--1460
[] 
 []

[58

]
Overfull \hbox (13.22289pt too wide) in paragraph at lines 1461--1461
[]\T1/cmr/bx/n/14.4 Truc mné-mo-tech-nique pour les op-tions de ventes 
 []

[59 <./picture20.PNG>]
Chapitre 14.
<picture21.PNG, id=1487, 848.4197pt x 402.75468pt>
File: picture21.PNG Graphic file (type png)
 <use picture21.PNG>
Package pdftex.def Info: picture21.PNG used on input line 1496.
(pdftex.def)             Requested size: 466.63228pt x 221.51575pt.

Overfull \hbox (123.63228pt too wide) in paragraph at lines 1496--1497
[][] 
 []

[60

] <picture22.PNG, id=1494, 703.12688pt x 358.33875pt>
File: picture22.PNG Graphic file (type png)
 <use picture22.PNG>
Package pdftex.def Info: picture22.PNG used on input line 1501.
(pdftex.def)             Requested size: 386.72098pt x 197.08691pt.

Overfull \hbox (43.72098pt too wide) in paragraph at lines 1501--1502
[][] 
 []

<picture23.PNG, id=1495, 791.95876pt x 527.72156pt>
File: picture23.PNG Graphic file (type png)
 <use picture23.PNG>
Package pdftex.def Info: picture23.PNG used on input line 1506.
(pdftex.def)             Requested size: 435.57867pt x 290.24776pt.

Overfull \hbox (92.57867pt too wide) in paragraph at lines 1506--1507
[][] 
 []

[61 <./picture21.PNG> <./picture22.PNG>] [62 <./picture23.PNG>]
Chapitre 15.
<picture24.PNG, id=1507, 903.375pt x 543.53062pt>
File: picture24.PNG Graphic file (type png)
 <use picture24.PNG>
Package pdftex.def Info: picture24.PNG used on input line 1532.
(pdftex.def)             Requested size: 496.85779pt x 298.94275pt.

Overfull \hbox (153.85779pt too wide) in paragraph at lines 1532--1533
[][] 
 []

[63

] [64 <./picture24.PNG>]
Chapitre 16.

Overfull \hbox (2.90479pt too wide) detected at line 1556
[]\OML/cmm/m/it/10.95 C\OT1/cmr/m/n/10.95 (\OML/cmm/m/it/10.95 K; T\OT1/cmr/m/n
/10.95 ) \OMS/cmsy/m/n/10.95 ^^@ \OML/cmm/m/it/10.95 P\OT1/cmr/m/n/10.95 (\OML/
cmm/m/it/10.95 K; T\OT1/cmr/m/n/10.95 ) = \OML/cmm/m/it/10.95 PV\OT1/cmr/m/n/10
.95 (\OML/cmm/m/it/10.95 F[]\OT1/cmr/m/n/10.95 ) \OMS/cmsy/m/n/10.95 ^^@ \OML/c
mm/m/it/10.95 PV\OT1/cmr/m/n/10.95 (\OML/cmm/m/it/10.95 K\OT1/cmr/m/n/10.95 ) \
OMS/cmsy/m/n/10.95 ) \OML/cmm/m/it/10.95 C\OT1/cmr/m/n/10.95 (\OML/cmm/m/it/10.
95 K; T\OT1/cmr/m/n/10.95 ) \OMS/cmsy/m/n/10.95 ^^@ \OML/cmm/m/it/10.95 P\OT1/c
mr/m/n/10.95 (\OML/cmm/m/it/10.95 K; T\OT1/cmr/m/n/10.95 ) = \OML/cmm/m/it/10.9
5 PV\OT1/cmr/m/n/10.95 (\OML/cmm/m/it/10.95 F[] \OMS/cmsy/m/n/10.95 ^^@ \OML/cm
m/m/it/10.95 K\OT1/cmr/m/n/10.95 )
 []

[65

] <picture25.PNG, id=1527, 465.99094pt x 463.7325pt>
File: picture25.PNG Graphic file (type png)
 <use picture25.PNG>
Package pdftex.def Info: picture25.PNG used on input line 1569.
(pdftex.def)             Requested size: 200.3722pt x 199.40108pt.

<picture26.PNG, id=1529, 389.95688pt x 569.87906pt>
File: picture26.PNG Graphic file (type png)
 <use picture26.PNG>
Package pdftex.def Info: picture26.PNG used on input line 1576.
(pdftex.def)             Requested size: 167.67818pt x 245.04321pt.

[66 <./picture25.PNG>] <picture27.PNG, id=1537, 420.82219pt x 213.79875pt>
File: picture27.PNG Graphic file (type png)

<use picture27.PNG>
Package pdftex.def Info: picture27.PNG used on input line 1583.
(pdftex.def)             Requested size: 189.36823pt x 96.20854pt.
 <picture28.PNG, id=1540, 339.51843pt x 176.91093pt>
File: picture28.PNG Graphic file (type png)

<use picture28.PNG>
Package pdftex.def Info: picture28.PNG used on input line 1590.
(pdftex.def)             Requested size: 149.38857pt x 77.84103pt.
 <picture29.PNG, id=1541, 570.63188pt x 188.95593pt>
File: picture29.PNG Graphic file (type png)

<use picture29.PNG>
Package pdftex.def Info: picture29.PNG used on input line 1594.
(pdftex.def)             Requested size: 251.0788pt x 83.14085pt.
 [67 <./picture26.PNG> <./picture27.PNG>]
<picture30.PNG, id=1551, 468.24937pt x 219.82124pt>
File: picture30.PNG Graphic file (type png)
 <use picture30.PNG>
Package pdftex.def Info: picture30.PNG used on input line 1601.
(pdftex.def)             Requested size: 210.71027pt x 98.91864pt.

<picture31.PNG, id=1552, 280.79906pt x 162.6075pt>
File: picture31.PNG Graphic file (type png)
 <use picture31.PNG>
Package pdftex.def Info: picture31.PNG used on input line 1609.
(pdftex.def)             Requested size: 126.3584pt x 73.1727pt.
 [68 <./picture28.PNG> <./picture29.PNG> <./picture30.PNG>]
<picture32.PNG, id=1560, 222.8325pt x 173.14688pt>
File: picture32.PNG Graphic file (type png)
 <use picture32.PNG>
Package pdftex.def Info: picture32.PNG used on input line 1616.
(pdftex.def)             Requested size: 100.2737pt x 77.91537pt.

<picture33.PNG, id=1562, 177.66376pt x 143.78719pt>
File: picture33.PNG Graphic file (type png)
 <use picture33.PNG>
Package pdftex.def Info: picture33.PNG used on input line 1623.
(pdftex.def)             Requested size: 79.94794pt x 64.70363pt.

<picture34.png, id=1565, 438.13687pt x 354.57469pt>
File: picture34.png Graphic file (type png)
 <use picture34.png>
Package pdftex.def Info: picture34.png used on input line 1634.
(pdftex.def)             Requested size: 197.15976pt x 159.55713pt.

[69 <./picture31.PNG> <./picture32.PNG> <./picture33.PNG>]
<picture35.PNG, id=1578, 277.78781pt x 193.47281pt>
File: picture35.PNG Graphic file (type png)
 <use picture35.PNG>
Package pdftex.def Info: picture35.PNG used on input line 1641.
(pdftex.def)             Requested size: 125.00334pt x 87.06195pt.

Underfull \hbox (badness 10000) in paragraph at lines 1639--1642

 []

<picture36.PNG, id=1580, 188.95593pt x 148.30406pt>
File: picture36.PNG Graphic file (type png)
 <use picture36.PNG>
Package pdftex.def Info: picture36.PNG used on input line 1648.
(pdftex.def)             Requested size: 85.02937pt x 66.73619pt.

<picture37.PNG, id=1582, 262.73157pt x 223.58531pt>
File: picture37.PNG Graphic file (type png)
 <use picture37.PNG>
Package pdftex.def Info: picture37.PNG used on input line 1655.
(pdftex.def)             Requested size: 118.2281pt x 100.61244pt.

[70 <./picture34.png> <./picture35.PNG> <./picture36.PNG>] [71 <./picture37.PNG
>]
Chapitre 17.
[72

] [73]
Chapitre 18.
[74

] [75] <picture38.PNG, id=1642, 812.28468pt x 626.34pt>
File: picture38.PNG Graphic file (type png)
 <use picture38.PNG>
Package pdftex.def Info: picture38.PNG used on input line 1790.
(pdftex.def)             Requested size: 365.52473pt x 281.85039pt.

Overfull \hbox (5.52473pt too wide) in paragraph at lines 1788--1793
[]
 []

[76 <./picture38.PNG>] [77]
Chapitre 19.
<picture39.PNG, id=1656, 648.92438pt x 201.75375pt>
File: picture39.PNG Graphic file (type png)
 <use picture39.PNG>
Package pdftex.def Info: picture39.PNG used on input line 1820.
(pdftex.def)             Requested size: 292.01328pt x 90.78835pt.

<picture40.PNG, id=1657, 695.59875pt x 222.8325pt>
File: picture40.PNG Graphic file (type png)
 <use picture40.PNG>
Package pdftex.def Info: picture40.PNG used on input line 1822.
(pdftex.def)             Requested size: 313.01654pt x 100.2737pt.

<picture41.PNG, id=1658, 715.17188pt x 234.1247pt>
File: picture41.PNG Graphic file (type png)
 <use picture41.PNG>
Package pdftex.def Info: picture41.PNG used on input line 1824.
(pdftex.def)             Requested size: 321.82437pt x 105.35513pt.

<picture42.PNG, id=1659, 699.36281pt x 282.30469pt>
File: picture42.PNG Graphic file (type png)
 <use picture42.PNG>
Package pdftex.def Info: picture42.PNG used on input line 1826.
(pdftex.def)             Requested size: 314.71036pt x 127.03592pt.

[78

 <./picture39.PNG>] [79 <./picture40.PNG> <./picture41.PNG> <./picture42.PNG>] 
[80]
Annexe A.
[81

]
Annexe B.
[82

] [83]
Underfull \hbox (badness 10000) in paragraph at lines 1945--1950

 []


Underfull \hbox (badness 10000) in paragraph at lines 1945--1950

 []

[84]
Annexe C.
[85

]
Annexe D.
[86

]
Annexe E.

Package hyperref Warning: Difference (2) between bookmark levels is greater 
(hyperref)                than one, level fixed on input line 1981.

Package atveryend Info: Empty hook `BeforeClearDocument' on input line 1991.
[87

]
Package atveryend Info: Empty hook `AfterLastShipout' on input line 1991.
 (./ResumeFM_ASM10e.aux)
Package atveryend Info: Executing hook `AtVeryEndDocument' on input line 1991.
Package atveryend Info: Executing hook `AtEndAfterFileList' on input line 1991.

Package rerunfilecheck Info: File `ResumeFM_ASM10e.out' has not changed.
(rerunfilecheck)             Checksum: FA05DC5555105D12C6468EBF50E4405E;13559.
Package atveryend Info: Empty hook `AtVeryVeryEnd' on input line 1991.
 ) 
Here is how much of TeX's memory you used:
 8734 strings out of 493027
 123496 string characters out of 6137685
 229193 words of memory out of 5000000
 11595 multiletter control sequences out of 15000+600000
 28367 words of font info for 61 fonts, out of 8000000 for 9000
 1141 hyphenation exceptions out of 8191
 29i,14n,32p,798b,624s stack positions out of 5000i,500n,10000p,200000b,80000s
{c:/texlive/2015/texmf-dist/fonts/enc/dvips/cm-super/cm-super-t1.enc}<c:/texl
ive/2015/texmf-dist/fonts/type1/public/amsfonts/cm/cmex10.pfb><c:/texlive/2015/
texmf-dist/fonts/type1/public/amsfonts/cmextra/cmex8.pfb><c:/texlive/2015/texmf
-dist/fonts/type1/public/amsfonts/cm/cmmi10.pfb><c:/texlive/2015/texmf-dist/fon
ts/type1/public/amsfonts/cm/cmmi12.pfb><c:/texlive/2015/texmf-dist/fonts/type1/
public/amsfonts/cm/cmmi6.pfb><c:/texlive/2015/texmf-dist/fonts/type1/public/ams
fonts/cm/cmmi8.pfb><c:/texlive/2015/texmf-dist/fonts/type1/public/amsfonts/cm/c
mr10.pfb><c:/texlive/2015/texmf-dist/fonts/type1/public/amsfonts/cm/cmr12.pfb><
c:/texlive/2015/texmf-dist/fonts/type1/public/amsfonts/cm/cmr6.pfb><c:/texlive/
2015/texmf-dist/fonts/type1/public/amsfonts/cm/cmr8.pfb><c:/texlive/2015/texmf-
dist/fonts/type1/public/amsfonts/cm/cmsy10.pfb><c:/texlive/2015/texmf-dist/font
s/type1/public/amsfonts/cm/cmsy6.pfb><c:/texlive/2015/texmf-dist/fonts/type1/pu
blic/amsfonts/cm/cmsy8.pfb><c:/texlive/2015/texmf-dist/fonts/type1/public/cm-su
per/sfbi1095.pfb><c:/texlive/2015/texmf-dist/fonts/type1/public/cm-super/sfbi12
00.pfb><c:/texlive/2015/texmf-dist/fonts/type1/public/cm-super/sfbi1440.pfb><c:
/texlive/2015/texmf-dist/fonts/type1/public/cm-super/sfbi2488.pfb><c:/texlive/2
015/texmf-dist/fonts/type1/public/cm-super/sfbx1095.pfb><c:/texlive/2015/texmf-
dist/fonts/type1/public/cm-super/sfbx1200.pfb><c:/texlive/2015/texmf-dist/fonts
/type1/public/cm-super/sfbx1440.pfb><c:/texlive/2015/texmf-dist/fonts/type1/pub
lic/cm-super/sfbx2074.pfb><c:/texlive/2015/texmf-dist/fonts/type1/public/cm-sup
er/sfbx2488.pfb><c:/texlive/2015/texmf-dist/fonts/type1/public/cm-super/sfrm060
0.pfb><c:/texlive/2015/texmf-dist/fonts/type1/public/cm-super/sfrm0800.pfb><c:/
texlive/2015/texmf-dist/fonts/type1/public/cm-super/sfrm0900.pfb><c:/texlive/20
15/texmf-dist/fonts/type1/public/cm-super/sfrm1095.pfb><c:/texlive/2015/texmf-d
ist/fonts/type1/public/cm-super/sfrm1200.pfb><c:/texlive/2015/texmf-dist/fonts/
type1/public/cm-super/sfrm1728.pfb><c:/texlive/2015/texmf-dist/fonts/type1/publ
ic/cm-super/sfti0800.pfb><c:/texlive/2015/texmf-dist/fonts/type1/public/cm-supe
r/sfti1095.pfb><c:/texlive/2015/texmf-dist/fonts/type1/public/cm-super/sfti1200
.pfb><c:/texlive/2015/texmf-dist/fonts/type1/public/cm-super/sfti1728.pfb>
Output written on ResumeFM_ASM10e.pdf (88 pages, 3309453 bytes).
PDF statistics:
 1956 PDF objects out of 2073 (max. 8388607)
 1732 compressed objects within 18 object streams
 534 named destinations out of 1000 (max. 500000)
 1571 words of extra memory for PDF output out of 10000 (max. 10000000)

